# JRE version: OpenJDK Runtime Environment (11.0.8+10) (build 11.0.8+10-b944.6842174)
# Java VM: OpenJDK 64-Bit Server VM (11.0.8+10-b944.6842174, mixed mode, tiered, compressed oops, g1 gc, windows-amd64)
Heap:
 garbage-first heap   total 378880K, used 255006K [0x0000000080000000, 0x0000000100000000)
  region size 1024K, 77 young (78848K), 5 survivors (5120K)
 Metaspace       used 136879K, capacity 140349K, committed 140620K, reserved 1171456K
  class space    used 16603K, capacity 17797K, committed 17920K, reserved 1048576K
GC Heap History (20 events):
Event: 69.369 GC heap before
{Heap before GC invocations=62 (full 0):
 garbage-first heap   total 378880K, used 285409K [0x0000000080000000, 0x0000000100000000)
  region size 1024K, 152 young (155648K), 12 survivors (12288K)
 Metaspace       used 130963K, capacity 134262K, committed 134476K, reserved 1167360K
  class space    used 15917K, capacity 17038K, committed 17152K, reserved 1048576K
}
Event: 69.392 GC heap after
{Heap after GC invocations=63 (full 0):
 garbage-first heap   total 378880K, used 171280K [0x0000000080000000, 0x0000000100000000)
  region size 1024K, 19 young (19456K), 19 survivors (19456K)
 Metaspace       used 130963K, capacity 134262K, committed 134476K, reserved 1167360K
  class space    used 15917K, capacity 17038K, committed 17152K, reserved 1048576K
}
Event: 69.652 GC heap before
{Heap before GC invocations=63 (full 0):
 garbage-first heap   total 378880K, used 264464K [0x0000000080000000, 0x0000000100000000)
  region size 1024K, 110 young (112640K), 19 survivors (19456K)
 Metaspace       used 133434K, capacity 136865K, committed 136908K, reserved 1169408K
  class space    used 16350K, capacity 17526K, committed 17536K, reserved 1048576K
}
Event: 69.676 GC heap after
{Heap after GC invocations=64 (full 0):
 garbage-first heap   total 378880K, used 185977K [0x0000000080000000, 0x0000000100000000)
  region size 1024K, 14 young (14336K), 14 survivors (14336K)
 Metaspace       used 133434K, capacity 136865K, committed 136908K, reserved 1169408K
  class space    used 16350K, capacity 17526K, committed 17536K, reserved 1048576K
}
Event: 70.137 GC heap before
{Heap before GC invocations=64 (full 0):
 garbage-first heap   total 378880K, used 293497K [0x0000000080000000, 0x0000000100000000)
  region size 1024K, 119 young (121856K), 14 survivors (14336K)
 Metaspace       used 135614K, capacity 139158K, committed 139212K, reserved 1171456K
  class space    used 16583K, capacity 17791K, committed 17792K, reserved 1048576K
}
Event: 70.177 GC heap after
{Heap after GC invocations=65 (full 0):
 garbage-first heap   total 378880K, used 196563K [0x0000000080000000, 0x0000000100000000)
  region size 1024K, 9 young (9216K), 9 survivors (9216K)
 Metaspace       used 135614K, capacity 139158K, committed 139212K, reserved 1171456K
  class space    used 16583K, capacity 17791K, committed 17792K, reserved 1048576K
}
Event: 70.731 GC heap before
{Heap before GC invocations=66 (full 0):
 garbage-first heap   total 378880K, used 302035K [0x0000000080000000, 0x0000000100000000)
  region size 1024K, 113 young (115712K), 9 survivors (9216K)
 Metaspace       used 136186K, capacity 139696K, committed 140108K, reserved 1171456K
  class space    used 16590K, capacity 17782K, committed 17920K, reserved 1048576K
}
Event: 70.744 GC heap after
{Heap after GC invocations=67 (full 0):
 garbage-first heap   total 378880K, used 197290K [0x0000000080000000, 0x0000000100000000)
  region size 1024K, 9 young (9216K), 9 survivors (9216K)
 Metaspace       used 136186K, capacity 139696K, committed 140108K, reserved 1171456K
  class space    used 16590K, capacity 17782K, committed 17920K, reserved 1048576K
}
Event: 70.767 GC heap before
{Heap before GC invocations=67 (full 0):
 garbage-first heap   total 378880K, used 206506K [0x0000000080000000, 0x0000000100000000)
  region size 1024K, 18 young (18432K), 9 survivors (9216K)
 Metaspace       used 136204K, capacity 139696K, committed 140108K, reserved 1171456K
  class space    used 16596K, capacity 17782K, committed 17920K, reserved 1048576K
}
Event: 70.776 GC heap after
{Heap after GC invocations=68 (full 0):
 garbage-first heap   total 378880K, used 183103K [0x0000000080000000, 0x0000000100000000)
  region size 1024K, 2 young (2048K), 2 survivors (2048K)
 Metaspace       used 136204K, capacity 139696K, committed 140108K, reserved 1171456K
  class space    used 16596K, capacity 17782K, committed 17920K, reserved 1048576K
}
Event: 71.045 GC heap before
{Heap before GC invocations=68 (full 0):
 garbage-first heap   total 378880K, used 299839K [0x0000000080000000, 0x0000000100000000)
  region size 1024K, 116 young (118784K), 2 survivors (2048K)
 Metaspace       used 136388K, capacity 139880K, committed 140108K, reserved 1171456K
  class space    used 16613K, capacity 17822K, committed 17920K, reserved 1048576K
}
Event: 71.051 GC heap after
{Heap after GC invocations=69 (full 0):
 garbage-first heap   total 378880K, used 184590K [0x0000000080000000, 0x0000000100000000)
  region size 1024K, 3 young (3072K), 3 survivors (3072K)
 Metaspace       used 136388K, capacity 139880K, committed 140108K, reserved 1171456K
  class space    used 16613K, capacity 17822K, committed 17920K, reserved 1048576K
}
Event: 71.379 GC heap before
{Heap before GC invocations=70 (full 0):
 garbage-first heap   total 378880K, used 305422K [0x0000000080000000, 0x0000000100000000)
  region size 1024K, 121 young (123904K), 3 survivors (3072K)
 Metaspace       used 136401K, capacity 139883K, committed 140364K, reserved 1171456K
  class space    used 16587K, capacity 17778K, committed 17920K, reserved 1048576K
}
Event: 71.386 GC heap after
{Heap after GC invocations=71 (full 0):
 garbage-first heap   total 378880K, used 185767K [0x0000000080000000, 0x0000000100000000)
  region size 1024K, 4 young (4096K), 4 survivors (4096K)
 Metaspace       used 136401K, capacity 139883K, committed 140364K, reserved 1171456K
  class space    used 16587K, capacity 17778K, committed 17920K, reserved 1048576K
}
Event: 71.414 GC heap before
{Heap before GC invocations=71 (full 0):
 garbage-first heap   total 378880K, used 200103K [0x0000000080000000, 0x0000000100000000)
  region size 1024K, 18 young (18432K), 4 survivors (4096K)
 Metaspace       used 136411K, capacity 139883K, committed 140364K, reserved 1171456K
  class space    used 16587K, capacity 17778K, committed 17920K, reserved 1048576K
}
Event: 71.424 GC heap after
{Heap after GC invocations=72 (full 0):
 garbage-first heap   total 378880K, used 178583K [0x0000000080000000, 0x0000000100000000)
  region size 1024K, 1 young (1024K), 1 survivors (1024K)
 Metaspace       used 136411K, capacity 139883K, committed 140364K, reserved 1171456K
  class space    used 16587K, capacity 17778K, committed 17920K, reserved 1048576K
}
Event: 71.610 GC heap before
{Heap before GC invocations=72 (full 0):
 garbage-first heap   total 378880K, used 305559K [0x0000000080000000, 0x0000000100000000)
  region size 1024K, 126 young (129024K), 1 survivors (1024K)
 Metaspace       used 136598K, capacity 140040K, committed 140364K, reserved 1171456K
  class space    used 16598K, capacity 17788K, committed 17920K, reserved 1048576K
}
Event: 71.616 GC heap after
{Heap after GC invocations=73 (full 0):
 garbage-first heap   total 378880K, used 180138K [0x0000000080000000, 0x0000000100000000)
  region size 1024K, 3 young (3072K), 3 survivors (3072K)
 Metaspace       used 136598K, capacity 140040K, committed 140364K, reserved 1171456K
  class space    used 16598K, capacity 17788K, committed 17920K, reserved 1048576K
}
Event: 71.800 GC heap before
{Heap before GC invocations=73 (full 0):
 garbage-first heap   total 378880K, used 311210K [0x0000000080000000, 0x0000000100000000)
  region size 1024K, 131 young (134144K), 3 survivors (3072K)
 Metaspace       used 136784K, capacity 140252K, committed 140620K, reserved 1171456K
  class space    used 16599K, capacity 17790K, committed 17920K, reserved 1048576K
}
Event: 71.806 GC heap after
{Heap after GC invocations=74 (full 0):
 garbage-first heap   total 378880K, used 182302K [0x0000000080000000, 0x0000000100000000)
  region size 1024K, 5 young (5120K), 5 survivors (5120K)
 Metaspace       used 136784K, capacity 140252K, committed 140620K, reserved 1171456K
  class space    used 16599K, capacity 17790K, committed 17920K, reserved 1048576K
}

